2020-04-29 12:45:53,575  INFO Microsoft.Hosting.Lifetime.? [?] - MESSAGE: Application started. Press Ctrl+C to shut down.
 2020-04-29 12:45:53,659  INFO Microsoft.Hosting.Lifetime.? [?] - MESSAGE: Hosting environment: Development
 2020-04-29 12:45:53,720  INFO Microsoft.Hosting.Lifetime.? [?] - MESSAGE: Content root path: D:\Users\gspritzer2\source\repos\PokeSheakspeare\PokeSheakspeare
 2020-04-29 12:46:08,214  INFO PokeSheakspeare.Controllers.PokemonController.? [?] - MESSAGE: Pokemon Info started on - ditto
 2020-04-29 12:49:52,005  INFO Microsoft.Hosting.Lifetime.? [?] - MESSAGE: Application started. Press Ctrl+C to shut down.
 2020-04-29 12:49:52,078  INFO Microsoft.Hosting.Lifetime.? [?] - MESSAGE: Hosting environment: Development
 2020-04-29 12:49:52,094  INFO Microsoft.Hosting.Lifetime.? [?] - MESSAGE: Content root path: D:\Users\gspritzer2\source\repos\PokeSheakspeare\PokeSheakspeare
 2020-04-29 12:50:02,476  INFO PokeSheakspeare.Controllers.PokemonController.? [?] - MESSAGE: Pokemon Info started on - ditto
 2020-04-29 12:50:29,861  INFO PokeSheakspeare.Controllers.PokemonController.? [?] - MESSAGE: Pokemon Info started on - ditto
 2020-04-29 12:52:30,128  INFO Microsoft.Hosting.Lifetime.? [?] - MESSAGE: Application started. Press Ctrl+C to shut down.
 2020-04-29 12:52:30,293  INFO Microsoft.Hosting.Lifetime.? [?] - MESSAGE: Hosting environment: Development
 2020-04-29 12:52:30,355  INFO Microsoft.Hosting.Lifetime.? [?] - MESSAGE: Content root path: D:\Users\gspritzer2\source\repos\PokeSheakspeare\PokeSheakspeare
 2020-04-29 12:52:30,484  WARN Microsoft.AspNetCore.HttpsPolicy.HttpsRedirectionMiddleware.? [?] - MESSAGE: Failed to determine the https port for redirect.
 2020-04-29 12:52:50,147  INFO PokeSheakspeare.Controllers.PokemonController.? [?] - MESSAGE: Pokemon Info started on - ditto
 2020-04-29 12:53:00,870  INFO PokeSheakspeare.Controllers.PokemonController.? [?] - MESSAGE: Pokemon Info started on - ditto
 2020-04-29 12:53:03,122  INFO PokeSheakspeare.Controllers.PokemonController.? [?] - MESSAGE: Pokemon Info started on - ditto
 2020-04-29 12:53:04,640  INFO PokeSheakspeare.Controllers.PokemonController.? [?] - MESSAGE: Pokemon Info started on - ditto
 2020-04-29 12:53:08,217  INFO PokeSheakspeare.Controllers.PokemonController.? [?] - MESSAGE: Pokemon Info started on - ditto
 2020-04-29 12:53:10,890  INFO PokeSheakspeare.Controllers.PokemonController.? [?] - MESSAGE: Pokemon Info started on - ditto
 2020-04-29 14:49:41,437  INFO Microsoft.Hosting.Lifetime.? [?] - MESSAGE: Now listening on: https://localhost:5001
 2020-04-29 14:49:41,453  INFO Microsoft.Hosting.Lifetime.? [?] - MESSAGE: Now listening on: http://localhost:5000
 2020-04-29 14:49:41,453  INFO Microsoft.Hosting.Lifetime.? [?] - MESSAGE: Application started. Press Ctrl+C to shut down.
 2020-04-29 14:49:41,453  INFO Microsoft.Hosting.Lifetime.? [?] - MESSAGE: Hosting environment: Development
 2020-04-29 14:49:41,453  INFO Microsoft.Hosting.Lifetime.? [?] - MESSAGE: Content root path: D:\Users\gspritzer2\source\repos\PokeSheakspeare\PokeSheakspeare
 2020-04-29 14:49:57,600  INFO PokeSheakspeare.Controllers.PokemonController.? [?] - MESSAGE: Pokemon Info started on - ditto
 2020-04-29 14:50:53,936  INFO PokeSheakspeare.Controllers.PokemonController.? [?] - MESSAGE: Pokemon Info started on - ditto
 2020-04-29 14:51:57,193  INFO PokeSheakspeare.Controllers.PokemonController.? [?] - MESSAGE: Pokemon Info started on - ditto
 2020-04-29 15:02:37,271  INFO PokeSheakspeare.Controllers.PokemonController.? [?] - MESSAGE: Pokemon Info started on - ditto
 2020-04-29 15:03:52,047  INFO PokeSheakspeare.Controllers.PokemonController.? [?] - MESSAGE: Pokemon Info started on - ditto
 2020-04-29 15:06:24,760  INFO PokeSheakspeare.Controllers.PokemonController.? [?] - MESSAGE: Pokemon Info started on - ditto
 2020-04-29 15:25:07,575  INFO Microsoft.Hosting.Lifetime.? [?] - MESSAGE: Application is shutting down...
 2020-04-29 15:32:21,546  INFO Microsoft.Hosting.Lifetime.? [?] - MESSAGE: Application started. Press Ctrl+C to shut down.
 2020-04-29 15:32:21,644  INFO Microsoft.Hosting.Lifetime.? [?] - MESSAGE: Hosting environment: Development
 2020-04-29 15:32:21,674  INFO Microsoft.Hosting.Lifetime.? [?] - MESSAGE: Content root path: D:\Users\gspritzer2\source\repos\PokeSheakspeare\PokeSheakspeare
 2020-04-29 15:32:21,819  WARN Microsoft.AspNetCore.HttpsPolicy.HttpsRedirectionMiddleware.? [?] - MESSAGE: Failed to determine the https port for redirect.
 2020-04-29 15:32:22,309  INFO PokeSheakspeare.Controllers.PokemonController.? [?] - MESSAGE: Pokemon Info started on - ditto
 2020-04-29 15:32:31,909  INFO PokeSheakspeare.Controllers.PokemonController.? [?] - MESSAGE: Pokemon Info started on - dittoasdadasd
 2020-04-29 15:32:35,744  INFO PokeSheakspeare.Controllers.PokemonController.? [?] - MESSAGE: Pokemon Info started on - dittoasdadasdadsadssa
 2020-04-29 15:33:27,595  INFO Microsoft.Hosting.Lifetime.? [?] - MESSAGE: Application started. Press Ctrl+C to shut down.
 2020-04-29 15:33:27,665  INFO Microsoft.Hosting.Lifetime.? [?] - MESSAGE: Hosting environment: Development
 2020-04-29 15:33:27,683  INFO Microsoft.Hosting.Lifetime.? [?] - MESSAGE: Content root path: D:\Users\gspritzer2\source\repos\PokeSheakspeare\PokeSheakspeare
 2020-04-29 15:33:27,804  WARN Microsoft.AspNetCore.HttpsPolicy.HttpsRedirectionMiddleware.? [?] - MESSAGE: Failed to determine the https port for redirect.
 2020-04-29 15:33:28,470  INFO PokeSheakspeare.Controllers.PokemonController.? [?] - MESSAGE: Pokemon Info started on - ditto
 2020-04-29 15:33:52,969  INFO PokeSheakspeare.Controllers.PokemonController.? [?] - MESSAGE: Pokemon Info started on - dittoasdasd
 2020-04-29 15:34:12,522  INFO PokeSheakspeare.Controllers.PokemonController.? [?] - MESSAGE: Pokemon Info started on - ditto
 2020-04-29 15:34:15,792  INFO PokeSheakspeare.Controllers.PokemonController.? [?] - MESSAGE: Pokemon Info started on - dittoasd
 2020-04-29 15:35:23,687  INFO Microsoft.Hosting.Lifetime.? [?] - MESSAGE: Application started. Press Ctrl+C to shut down.
 2020-04-29 15:35:24,127  INFO Microsoft.Hosting.Lifetime.? [?] - MESSAGE: Hosting environment: Development
 2020-04-29 15:35:24,160  INFO Microsoft.Hosting.Lifetime.? [?] - MESSAGE: Content root path: D:\Users\gspritzer2\source\repos\PokeSheakspeare\PokeSheakspeare
 2020-04-29 15:35:24,953  WARN Microsoft.AspNetCore.HttpsPolicy.HttpsRedirectionMiddleware.? [?] - MESSAGE: Failed to determine the https port for redirect.
 2020-04-29 15:35:25,433  INFO PokeSheakspeare.Controllers.PokemonController.? [?] - MESSAGE: Pokemon Info started on - ditto
 2020-04-29 15:35:25,478  INFO PokeSheakspeare.Controllers.PokemonController.? [?] - MESSAGE: Pokemon Info started on - ditto
 2020-04-29 15:35:33,919  INFO PokeSheakspeare.Controllers.PokemonController.? [?] - MESSAGE: Pokemon Info started on - dittoeyeyeyyrer
 2020-04-29 15:35:33,926  INFO PokeSheakspeare.Controllers.PokemonController.? [?] - MESSAGE: Pokemon Info started on - dittoeyeyeyyrer
 2020-04-29 15:35:53,188  INFO PokeSheakspeare.Controllers.PokemonController.? [?] - MESSAGE: Pokemon Info started on - ditto
 2020-04-29 15:37:38,284  INFO Microsoft.Hosting.Lifetime.? [?] - MESSAGE: Application started. Press Ctrl+C to shut down.
 2020-04-29 15:37:38,392  INFO Microsoft.Hosting.Lifetime.? [?] - MESSAGE: Hosting environment: Development
 2020-04-29 15:37:38,417  INFO Microsoft.Hosting.Lifetime.? [?] - MESSAGE: Content root path: D:\Users\gspritzer2\source\repos\PokeSheakspeare\PokeSheakspeare
 2020-04-29 15:37:38,518  WARN Microsoft.AspNetCore.HttpsPolicy.HttpsRedirectionMiddleware.? [?] - MESSAGE: Failed to determine the https port for redirect.
 2020-04-29 15:37:39,380  INFO PokeSheakspeare.Controllers.PokemonController.? [?] - MESSAGE: Pokemon Info started on - ditto
 2020-04-29 15:37:51,593  INFO PokeSheakspeare.Controllers.PokemonController.? [?] - MESSAGE: Pokemon Info started on - ditto
 2020-04-29 15:37:56,048  INFO PokeSheakspeare.Controllers.PokemonController.? [?] - MESSAGE: Pokemon Info started on - ditto
 2020-04-29 15:38:58,766  INFO Microsoft.Hosting.Lifetime.? [?] - MESSAGE: Application started. Press Ctrl+C to shut down.
 2020-04-29 15:38:58,809  INFO Microsoft.Hosting.Lifetime.? [?] - MESSAGE: Hosting environment: Development
 2020-04-29 15:38:58,843  INFO Microsoft.Hosting.Lifetime.? [?] - MESSAGE: Content root path: D:\Users\gspritzer2\source\repos\PokeSheakspeare\PokeSheakspeare
 2020-04-29 15:38:59,044  WARN Microsoft.AspNetCore.HttpsPolicy.HttpsRedirectionMiddleware.? [?] - MESSAGE: Failed to determine the https port for redirect.
 2020-04-29 15:38:59,520  INFO PokeSheakspeare.Controllers.PokemonController.? [?] - MESSAGE: Pokemon Info started on - ditto
 2020-04-29 15:39:05,472 ERROR Microsoft.AspNetCore.Diagnostics.DeveloperExceptionPageMiddleware.? [?] - MESSAGE: An unhandled exception has occurred while executing the request.
 System.Exception: {
    "error": {
        "code": 429,
        "message": "Too Many Requests: Rate limit of 5 requests per hour exceeded. Please wait for 27 minutes and 23 seconds."
    }
}
   at PokeSheakspeare.Common.SheakspeareTranslator.GetTranslationAsync(String phrase) in D:\Users\gspritzer2\source\repos\PokeSheakspeare\PokeSheakspeare.Common\SheakspeareTranslator.cs:line 32
   at PokeSheakspeare.Controllers.PokemonController.GetAsync(String pokemonName) in D:\Users\gspritzer2\source\repos\PokeSheakspeare\PokeSheakspeare\Controllers\PokemonController.cs:line 38
   at lambda_method(Closure , Object )
   at Microsoft.Extensions.Internal.ObjectMethodExecutorAwaitable.Awaiter.GetResult()
   at Microsoft.AspNetCore.Mvc.Infrastructure.ActionMethodExecutor.TaskOfActionResultExecutor.Execute(IActionResultTypeMapper mapper, ObjectMethodExecutor executor, Object controller, Object[] arguments)
   at Microsoft.AspNetCore.Mvc.Infrastructure.ControllerActionInvoker.<InvokeActionMethodAsync>g__Awaited|12_0(ControllerActionInvoker invoker, ValueTask`1 actionResultValueTask)
   at Microsoft.AspNetCore.Mvc.Infrastructure.ControllerActionInvoker.<InvokeNextActionFilterAsync>g__Awaited|10_0(ControllerActionInvoker invoker, Task lastTask, State next, Scope scope, Object state, Boolean isCompleted)
   at Microsoft.AspNetCore.Mvc.Infrastructure.ControllerActionInvoker.Rethrow(ActionExecutedContextSealed context)
   at Microsoft.AspNetCore.Mvc.Infrastructure.ControllerActionInvoker.Next(State& next, Scope& scope, Object& state, Boolean& isCompleted)
   at Microsoft.AspNetCore.Mvc.Infrastructure.ControllerActionInvoker.<InvokeInnerFilterAsync>g__Awaited|13_0(ControllerActionInvoker invoker, Task lastTask, State next, Scope scope, Object state, Boolean isCompleted)
   at Microsoft.AspNetCore.Mvc.Infrastructure.ResourceInvoker.<InvokeFilterPipelineAsync>g__Awaited|19_0(ResourceInvoker invoker, Task lastTask, State next, Scope scope, Object state, Boolean isCompleted)
   at Microsoft.AspNetCore.Mvc.Infrastructure.ResourceInvoker.<InvokeAsync>g__Awaited|17_0(ResourceInvoker invoker, Task task, IDisposable scope)
   at Microsoft.AspNetCore.Routing.EndpointMiddleware.<Invoke>g__AwaitRequestTask|6_0(Endpoint endpoint, Task requestTask, ILogger logger)
   at Microsoft.AspNetCore.Authorization.AuthorizationMiddleware.Invoke(HttpContext context)
   at Microsoft.AspNetCore.Diagnostics.DeveloperExceptionPageMiddleware.Invoke(HttpContext context)
2020-04-29 15:40:00,110  INFO Microsoft.Hosting.Lifetime.? [?] - MESSAGE: Application started. Press Ctrl+C to shut down.
 2020-04-29 15:40:00,328  INFO Microsoft.Hosting.Lifetime.? [?] - MESSAGE: Hosting environment: Development
 2020-04-29 15:40:00,361  INFO Microsoft.Hosting.Lifetime.? [?] - MESSAGE: Content root path: D:\Users\gspritzer2\source\repos\PokeSheakspeare\PokeSheakspeare
 2020-04-29 15:40:00,496  WARN Microsoft.AspNetCore.HttpsPolicy.HttpsRedirectionMiddleware.? [?] - MESSAGE: Failed to determine the https port for redirect.
 2020-04-29 15:40:00,966  INFO PokeSheakspeare.Controllers.PokemonController.? [?] - MESSAGE: Pokemon Info started on - ditto
 2020-04-29 15:40:06,706 ERROR Microsoft.AspNetCore.Diagnostics.DeveloperExceptionPageMiddleware.? [?] - MESSAGE: An unhandled exception has occurred while executing the request.
 System.Exception: {
    "error": {
        "code": 429,
        "message": "Too Many Requests: Rate limit of 5 requests per hour exceeded. Please wait for 26 minutes and 22 seconds."
    }
}
   at PokeSheakspeare.Common.SheakspeareTranslator.GetTranslationAsync(String phrase) in D:\Users\gspritzer2\source\repos\PokeSheakspeare\PokeSheakspeare.Common\SheakspeareTranslator.cs:line 32
   at PokeSheakspeare.Controllers.PokemonController.GetAsync(String pokemonName) in D:\Users\gspritzer2\source\repos\PokeSheakspeare\PokeSheakspeare\Controllers\PokemonController.cs:line 38
   at lambda_method(Closure , Object )
   at Microsoft.Extensions.Internal.ObjectMethodExecutorAwaitable.Awaiter.GetResult()
   at Microsoft.AspNetCore.Mvc.Infrastructure.ActionMethodExecutor.TaskOfActionResultExecutor.Execute(IActionResultTypeMapper mapper, ObjectMethodExecutor executor, Object controller, Object[] arguments)
   at Microsoft.AspNetCore.Mvc.Infrastructure.ControllerActionInvoker.<InvokeActionMethodAsync>g__Awaited|12_0(ControllerActionInvoker invoker, ValueTask`1 actionResultValueTask)
   at Microsoft.AspNetCore.Mvc.Infrastructure.ControllerActionInvoker.<InvokeNextActionFilterAsync>g__Awaited|10_0(ControllerActionInvoker invoker, Task lastTask, State next, Scope scope, Object state, Boolean isCompleted)
   at Microsoft.AspNetCore.Mvc.Infrastructure.ControllerActionInvoker.Rethrow(ActionExecutedContextSealed context)
   at Microsoft.AspNetCore.Mvc.Infrastructure.ControllerActionInvoker.Next(State& next, Scope& scope, Object& state, Boolean& isCompleted)
   at Microsoft.AspNetCore.Mvc.Infrastructure.ControllerActionInvoker.<InvokeInnerFilterAsync>g__Awaited|13_0(ControllerActionInvoker invoker, Task lastTask, State next, Scope scope, Object state, Boolean isCompleted)
   at Microsoft.AspNetCore.Mvc.Infrastructure.ResourceInvoker.<InvokeFilterPipelineAsync>g__Awaited|19_0(ResourceInvoker invoker, Task lastTask, State next, Scope scope, Object state, Boolean isCompleted)
   at Microsoft.AspNetCore.Mvc.Infrastructure.ResourceInvoker.<InvokeAsync>g__Awaited|17_0(ResourceInvoker invoker, Task task, IDisposable scope)
   at Microsoft.AspNetCore.Routing.EndpointMiddleware.<Invoke>g__AwaitRequestTask|6_0(Endpoint endpoint, Task requestTask, ILogger logger)
   at Microsoft.AspNetCore.Authorization.AuthorizationMiddleware.Invoke(HttpContext context)
   at Microsoft.AspNetCore.Diagnostics.DeveloperExceptionPageMiddleware.Invoke(HttpContext context)
2020-04-29 15:41:49,381  INFO Microsoft.Hosting.Lifetime.? [?] - MESSAGE: Application started. Press Ctrl+C to shut down.
 2020-04-29 15:41:50,154  INFO Microsoft.Hosting.Lifetime.? [?] - MESSAGE: Hosting environment: Development
 2020-04-29 15:41:50,432  INFO Microsoft.Hosting.Lifetime.? [?] - MESSAGE: Content root path: D:\Users\gspritzer2\source\repos\PokeSheakspeare\PokeSheakspeare
 2020-04-29 15:41:50,688  WARN Microsoft.AspNetCore.HttpsPolicy.HttpsRedirectionMiddleware.? [?] - MESSAGE: Failed to determine the https port for redirect.
 2020-04-29 15:41:51,153  INFO PokeSheakspeare.Controllers.PokemonController.? [?] - MESSAGE: Pokemon Info started on - ditto
 2020-04-29 15:41:56,583 ERROR Microsoft.AspNetCore.Diagnostics.ExceptionHandlerMiddleware.? [?] - MESSAGE: An unhandled exception has occurred while executing the request.
 System.Exception: {
    "error": {
        "code": 429,
        "message": "Too Many Requests: Rate limit of 5 requests per hour exceeded. Please wait for 24 minutes and 32 seconds."
    }
}
   at PokeSheakspeare.Common.SheakspeareTranslator.GetTranslationAsync(String phrase) in D:\Users\gspritzer2\source\repos\PokeSheakspeare\PokeSheakspeare.Common\SheakspeareTranslator.cs:line 32
   at PokeSheakspeare.Controllers.PokemonController.GetAsync(String pokemonName) in D:\Users\gspritzer2\source\repos\PokeSheakspeare\PokeSheakspeare\Controllers\PokemonController.cs:line 38
   at lambda_method(Closure , Object )
   at Microsoft.Extensions.Internal.ObjectMethodExecutorAwaitable.Awaiter.GetResult()
   at Microsoft.AspNetCore.Mvc.Infrastructure.ActionMethodExecutor.TaskOfActionResultExecutor.Execute(IActionResultTypeMapper mapper, ObjectMethodExecutor executor, Object controller, Object[] arguments)
   at Microsoft.AspNetCore.Mvc.Infrastructure.ControllerActionInvoker.<InvokeActionMethodAsync>g__Awaited|12_0(ControllerActionInvoker invoker, ValueTask`1 actionResultValueTask)
   at Microsoft.AspNetCore.Mvc.Infrastructure.ControllerActionInvoker.<InvokeNextActionFilterAsync>g__Awaited|10_0(ControllerActionInvoker invoker, Task lastTask, State next, Scope scope, Object state, Boolean isCompleted)
   at Microsoft.AspNetCore.Mvc.Infrastructure.ControllerActionInvoker.Rethrow(ActionExecutedContextSealed context)
   at Microsoft.AspNetCore.Mvc.Infrastructure.ControllerActionInvoker.Next(State& next, Scope& scope, Object& state, Boolean& isCompleted)
   at Microsoft.AspNetCore.Mvc.Infrastructure.ControllerActionInvoker.<InvokeInnerFilterAsync>g__Awaited|13_0(ControllerActionInvoker invoker, Task lastTask, State next, Scope scope, Object state, Boolean isCompleted)
   at Microsoft.AspNetCore.Mvc.Infrastructure.ResourceInvoker.<InvokeFilterPipelineAsync>g__Awaited|19_0(ResourceInvoker invoker, Task lastTask, State next, Scope scope, Object state, Boolean isCompleted)
   at Microsoft.AspNetCore.Mvc.Infrastructure.ResourceInvoker.<InvokeAsync>g__Awaited|17_0(ResourceInvoker invoker, Task task, IDisposable scope)
   at Microsoft.AspNetCore.Routing.EndpointMiddleware.<Invoke>g__AwaitRequestTask|6_0(Endpoint endpoint, Task requestTask, ILogger logger)
   at Microsoft.AspNetCore.Authorization.AuthorizationMiddleware.Invoke(HttpContext context)
   at Microsoft.AspNetCore.Diagnostics.ExceptionHandlerMiddleware.<Invoke>g__Awaited|6_0(ExceptionHandlerMiddleware middleware, HttpContext context, Task task)
2020-04-29 15:44:12,864  INFO PokeSheakspeare.Controllers.PokemonController.? [?] - MESSAGE: Pokemon Info started on - ditto
 2020-04-29 15:44:15,473 ERROR Microsoft.AspNetCore.Diagnostics.ExceptionHandlerMiddleware.? [?] - MESSAGE: An unhandled exception has occurred while executing the request.
 System.Exception: {
    "error": {
        "code": 429,
        "message": "Too Many Requests: Rate limit of 5 requests per hour exceeded. Please wait for 22 minutes and 12 seconds."
    }
}
   at PokeSheakspeare.Common.SheakspeareTranslator.GetTranslationAsync(String phrase) in D:\Users\gspritzer2\source\repos\PokeSheakspeare\PokeSheakspeare.Common\SheakspeareTranslator.cs:line 32
   at PokeSheakspeare.Controllers.PokemonController.GetAsync(String pokemonName) in D:\Users\gspritzer2\source\repos\PokeSheakspeare\PokeSheakspeare\Controllers\PokemonController.cs:line 38
   at lambda_method(Closure , Object )
   at Microsoft.Extensions.Internal.ObjectMethodExecutorAwaitable.Awaiter.GetResult()
   at Microsoft.AspNetCore.Mvc.Infrastructure.ActionMethodExecutor.TaskOfActionResultExecutor.Execute(IActionResultTypeMapper mapper, ObjectMethodExecutor executor, Object controller, Object[] arguments)
   at Microsoft.AspNetCore.Mvc.Infrastructure.ControllerActionInvoker.<InvokeActionMethodAsync>g__Awaited|12_0(ControllerActionInvoker invoker, ValueTask`1 actionResultValueTask)
   at Microsoft.AspNetCore.Mvc.Infrastructure.ControllerActionInvoker.<InvokeNextActionFilterAsync>g__Awaited|10_0(ControllerActionInvoker invoker, Task lastTask, State next, Scope scope, Object state, Boolean isCompleted)
   at Microsoft.AspNetCore.Mvc.Infrastructure.ControllerActionInvoker.Rethrow(ActionExecutedContextSealed context)
   at Microsoft.AspNetCore.Mvc.Infrastructure.ControllerActionInvoker.Next(State& next, Scope& scope, Object& state, Boolean& isCompleted)
   at Microsoft.AspNetCore.Mvc.Infrastructure.ControllerActionInvoker.<InvokeInnerFilterAsync>g__Awaited|13_0(ControllerActionInvoker invoker, Task lastTask, State next, Scope scope, Object state, Boolean isCompleted)
   at Microsoft.AspNetCore.Mvc.Infrastructure.ResourceInvoker.<InvokeFilterPipelineAsync>g__Awaited|19_0(ResourceInvoker invoker, Task lastTask, State next, Scope scope, Object state, Boolean isCompleted)
   at Microsoft.AspNetCore.Mvc.Infrastructure.ResourceInvoker.<InvokeAsync>g__Awaited|17_0(ResourceInvoker invoker, Task task, IDisposable scope)
   at Microsoft.AspNetCore.Routing.EndpointMiddleware.<Invoke>g__AwaitRequestTask|6_0(Endpoint endpoint, Task requestTask, ILogger logger)
   at Microsoft.AspNetCore.Authorization.AuthorizationMiddleware.Invoke(HttpContext context)
   at Microsoft.AspNetCore.Diagnostics.ExceptionHandlerMiddleware.<Invoke>g__Awaited|6_0(ExceptionHandlerMiddleware middleware, HttpContext context, Task task)
2020-04-29 15:44:17,103  INFO PokeSheakspeare.Controllers.PokemonController.? [?] - MESSAGE: Pokemon Info started on - ditto
 2020-04-29 15:44:19,581 ERROR Microsoft.AspNetCore.Diagnostics.ExceptionHandlerMiddleware.? [?] - MESSAGE: An unhandled exception has occurred while executing the request.
 System.Exception: {
    "error": {
        "code": 429,
        "message": "Too Many Requests: Rate limit of 5 requests per hour exceeded. Please wait for 22 minutes and 8 seconds."
    }
}
   at PokeSheakspeare.Common.SheakspeareTranslator.GetTranslationAsync(String phrase) in D:\Users\gspritzer2\source\repos\PokeSheakspeare\PokeSheakspeare.Common\SheakspeareTranslator.cs:line 32
   at PokeSheakspeare.Controllers.PokemonController.GetAsync(String pokemonName) in D:\Users\gspritzer2\source\repos\PokeSheakspeare\PokeSheakspeare\Controllers\PokemonController.cs:line 38
   at lambda_method(Closure , Object )
   at Microsoft.Extensions.Internal.ObjectMethodExecutorAwaitable.Awaiter.GetResult()
   at Microsoft.AspNetCore.Mvc.Infrastructure.ActionMethodExecutor.TaskOfActionResultExecutor.Execute(IActionResultTypeMapper mapper, ObjectMethodExecutor executor, Object controller, Object[] arguments)
   at Microsoft.AspNetCore.Mvc.Infrastructure.ControllerActionInvoker.<InvokeActionMethodAsync>g__Awaited|12_0(ControllerActionInvoker invoker, ValueTask`1 actionResultValueTask)
   at Microsoft.AspNetCore.Mvc.Infrastructure.ControllerActionInvoker.<InvokeNextActionFilterAsync>g__Awaited|10_0(ControllerActionInvoker invoker, Task lastTask, State next, Scope scope, Object state, Boolean isCompleted)
   at Microsoft.AspNetCore.Mvc.Infrastructure.ControllerActionInvoker.Rethrow(ActionExecutedContextSealed context)
   at Microsoft.AspNetCore.Mvc.Infrastructure.ControllerActionInvoker.Next(State& next, Scope& scope, Object& state, Boolean& isCompleted)
   at Microsoft.AspNetCore.Mvc.Infrastructure.ControllerActionInvoker.<InvokeInnerFilterAsync>g__Awaited|13_0(ControllerActionInvoker invoker, Task lastTask, State next, Scope scope, Object state, Boolean isCompleted)
   at Microsoft.AspNetCore.Mvc.Infrastructure.ResourceInvoker.<InvokeFilterPipelineAsync>g__Awaited|19_0(ResourceInvoker invoker, Task lastTask, State next, Scope scope, Object state, Boolean isCompleted)
   at Microsoft.AspNetCore.Mvc.Infrastructure.ResourceInvoker.<InvokeAsync>g__Awaited|17_0(ResourceInvoker invoker, Task task, IDisposable scope)
   at Microsoft.AspNetCore.Routing.EndpointMiddleware.<Invoke>g__AwaitRequestTask|6_0(Endpoint endpoint, Task requestTask, ILogger logger)
   at Microsoft.AspNetCore.Authorization.AuthorizationMiddleware.Invoke(HttpContext context)
   at Microsoft.AspNetCore.Diagnostics.ExceptionHandlerMiddleware.<Invoke>g__Awaited|6_0(ExceptionHandlerMiddleware middleware, HttpContext context, Task task)
2020-04-29 15:45:36,666  INFO Microsoft.Hosting.Lifetime.? [?] - MESSAGE: Application started. Press Ctrl+C to shut down.
 2020-04-29 15:45:36,745  INFO Microsoft.Hosting.Lifetime.? [?] - MESSAGE: Hosting environment: Development
 2020-04-29 15:45:36,761  INFO Microsoft.Hosting.Lifetime.? [?] - MESSAGE: Content root path: D:\Users\gspritzer2\source\repos\PokeSheakspeare\PokeSheakspeare
 2020-04-29 15:45:36,887  WARN Microsoft.AspNetCore.HttpsPolicy.HttpsRedirectionMiddleware.? [?] - MESSAGE: Failed to determine the https port for redirect.
 2020-04-29 15:45:37,544  INFO PokeSheakspeare.Controllers.PokemonController.? [?] - MESSAGE: Pokemon Info started on - ditto
 2020-04-29 15:45:46,264  INFO PokeSheakspeare.Controllers.PokemonController.? [?] - MESSAGE: Pokemon Info started on - dittosfsdf
 2020-04-29 16:27:31,030  INFO Microsoft.Hosting.Lifetime.? [?] - MESSAGE: Now listening on: https://localhost:5001
 2020-04-29 16:27:31,064  INFO Microsoft.Hosting.Lifetime.? [?] - MESSAGE: Now listening on: http://localhost:5000
 2020-04-29 16:27:31,064  INFO Microsoft.Hosting.Lifetime.? [?] - MESSAGE: Application started. Press Ctrl+C to shut down.
 2020-04-29 16:27:31,065  INFO Microsoft.Hosting.Lifetime.? [?] - MESSAGE: Hosting environment: Development
 2020-04-29 16:27:31,065  INFO Microsoft.Hosting.Lifetime.? [?] - MESSAGE: Content root path: /Users/guillermospritzer/Desktop/PokeSheakspeare/PokeSheakspeare
 2020-04-29 16:27:47,009  INFO PokeSheakspeare.Controllers.PokemonController.? [?] - MESSAGE: Pokemon Info started on - ditto
 2020-04-29 16:28:00,330  INFO Microsoft.Hosting.Lifetime.? [?] - MESSAGE: Application is shutting down...
 